# JRE version: OpenJDK Runtime Environment (17.0.9) (build 17.0.9+0--11185874)
# Java VM: OpenJDK 64-Bit Server VM (17.0.9+0--11185874, mixed mode, tiered, compressed oops, compressed class ptrs, g1 gc, windows-amd64)
GC Precious Log:
 CPUs: 8 total, 8 available
 Memory: 6005M
 Large Page Support: Disabled
 NUMA Support: Disabled
 Compressed Oops: Enabled (Zero based)
 Heap Region Size: 2M
 Heap Min Capacity: 8M
 Heap Initial Capacity: 94M
 Heap Max Capacity: 4G
 Pre-touch: Disabled
 Parallel Workers: 8
 Concurrent Workers: 2
 Concurrent Refinement Workers: 8
 Periodic GC: Disabled
Heap:
 garbage-first heap   total 286720K, used 147664K [0x0000000700000000, 0x0000000800000000)
  region size 2048K, 7 young (14336K), 7 survivors (14336K)
 Metaspace       used 135427K, committed 136512K, reserved 1179648K
  class space    used 19262K, committed 19712K, reserved 1048576K
GC Heap History (20 events):
Event: 26.471 GC heap after
{Heap after GC invocations=60 (full 0):
 garbage-first heap   total 243712K, used 114829K [0x0000000700000000, 0x0000000800000000)
  region size 2048K, 1 young (2048K), 1 survivors (2048K)
 Metaspace       used 106186K, committed 107136K, reserved 1179648K
  class space    used 14680K, committed 15104K, reserved 1048576K
}
Event: 27.404 GC heap before
{Heap before GC invocations=60 (full 0):
 garbage-first heap   total 243712K, used 139405K [0x0000000700000000, 0x0000000800000000)
  region size 2048K, 15 young (30720K), 1 survivors (2048K)
 Metaspace       used 112651K, committed 113536K, reserved 1179648K
  class space    used 15504K, committed 15872K, reserved 1048576K
}
Event: 27.406 GC heap after
{Heap after GC invocations=61 (full 0):
 garbage-first heap   total 243712K, used 116058K [0x0000000700000000, 0x0000000800000000)
  region size 2048K, 2 young (4096K), 2 survivors (4096K)
 Metaspace       used 112651K, committed 113536K, reserved 1179648K
  class space    used 15504K, committed 15872K, reserved 1048576K
}
Event: 28.571 GC heap before
{Heap before GC invocations=62 (full 0):
 garbage-first heap   total 243712K, used 200026K [0x0000000700000000, 0x0000000800000000)
  region size 2048K, 42 young (86016K), 2 survivors (4096K)
 Metaspace       used 115887K, committed 116800K, reserved 1179648K
  class space    used 15933K, committed 16320K, reserved 1048576K
}
Event: 28.579 GC heap after
{Heap after GC invocations=63 (full 0):
 garbage-first heap   total 243712K, used 126911K [0x0000000700000000, 0x0000000800000000)
  region size 2048K, 5 young (10240K), 5 survivors (10240K)
 Metaspace       used 115887K, committed 116800K, reserved 1179648K
  class space    used 15933K, committed 16320K, reserved 1048576K
}
Event: 28.592 GC heap before
{Heap before GC invocations=63 (full 0):
 garbage-first heap   total 243712K, used 128959K [0x0000000700000000, 0x0000000800000000)
  region size 2048K, 6 young (12288K), 5 survivors (10240K)
 Metaspace       used 115950K, committed 116864K, reserved 1179648K
  class space    used 15938K, committed 16320K, reserved 1048576K
}
Event: 28.630 GC heap after
{Heap after GC invocations=64 (full 0):
 garbage-first heap   total 243712K, used 124546K [0x0000000700000000, 0x0000000800000000)
  region size 2048K, 1 young (2048K), 1 survivors (2048K)
 Metaspace       used 115950K, committed 116864K, reserved 1179648K
  class space    used 15938K, committed 16320K, reserved 1048576K
}
Event: 29.805 GC heap before
{Heap before GC invocations=64 (full 0):
 garbage-first heap   total 243712K, used 194178K [0x0000000700000000, 0x0000000800000000)
  region size 2048K, 36 young (73728K), 1 survivors (2048K)
 Metaspace       used 127919K, committed 128960K, reserved 1179648K
  class space    used 18101K, committed 18560K, reserved 1048576K
}
Event: 29.812 GC heap after
{Heap after GC invocations=65 (full 0):
 garbage-first heap   total 243712K, used 127990K [0x0000000700000000, 0x0000000800000000)
  region size 2048K, 3 young (6144K), 3 survivors (6144K)
 Metaspace       used 127919K, committed 128960K, reserved 1179648K
  class space    used 18101K, committed 18560K, reserved 1048576K
}
Event: 31.465 GC heap before
{Heap before GC invocations=66 (full 0):
 garbage-first heap   total 243712K, used 224246K [0x0000000700000000, 0x0000000800000000)
  region size 2048K, 34 young (69632K), 3 survivors (6144K)
 Metaspace       used 133843K, committed 134848K, reserved 1179648K
  class space    used 19121K, committed 19584K, reserved 1048576K
}
Event: 31.472 GC heap after
{Heap after GC invocations=67 (full 0):
 garbage-first heap   total 243712K, used 155068K [0x0000000700000000, 0x0000000800000000)
  region size 2048K, 4 young (8192K), 4 survivors (8192K)
 Metaspace       used 133843K, committed 134848K, reserved 1179648K
  class space    used 19121K, committed 19584K, reserved 1048576K
}
Event: 31.530 GC heap before
{Heap before GC invocations=67 (full 0):
 garbage-first heap   total 243712K, used 230844K [0x0000000700000000, 0x0000000800000000)
  region size 2048K, 5 young (10240K), 4 survivors (8192K)
 Metaspace       used 133843K, committed 134848K, reserved 1179648K
  class space    used 19121K, committed 19584K, reserved 1048576K
}
Event: 31.537 GC heap after
{Heap after GC invocations=68 (full 0):
 garbage-first heap   total 245760K, used 159145K [0x0000000700000000, 0x0000000800000000)
  region size 2048K, 1 young (2048K), 1 survivors (2048K)
 Metaspace       used 133843K, committed 134848K, reserved 1179648K
  class space    used 19121K, committed 19584K, reserved 1048576K
}
Event: 31.537 GC heap before
{Heap before GC invocations=68 (full 0):
 garbage-first heap   total 245760K, used 161193K [0x0000000700000000, 0x0000000800000000)
  region size 2048K, 2 young (4096K), 1 survivors (2048K)
 Metaspace       used 133843K, committed 134848K, reserved 1179648K
  class space    used 19121K, committed 19584K, reserved 1048576K
}
Event: 31.539 GC heap after
{Heap after GC invocations=69 (full 0):
 garbage-first heap   total 245760K, used 160351K [0x0000000700000000, 0x0000000800000000)
  region size 2048K, 1 young (2048K), 1 survivors (2048K)
 Metaspace       used 133843K, committed 134848K, reserved 1179648K
  class space    used 19121K, committed 19584K, reserved 1048576K
}
Event: 73.223 GC heap before
{Heap before GC invocations=70 (full 0):
 garbage-first heap   total 286720K, used 211551K [0x0000000700000000, 0x0000000800000000)
  region size 2048K, 24 young (49152K), 1 survivors (2048K)
 Metaspace       used 134564K, committed 135552K, reserved 1179648K
  class space    used 19221K, committed 19648K, reserved 1048576K
}
Event: 73.307 GC heap after
{Heap after GC invocations=71 (full 0):
 garbage-first heap   total 286720K, used 137385K [0x0000000700000000, 0x0000000800000000)
  region size 2048K, 2 young (4096K), 2 survivors (4096K)
 Metaspace       used 134564K, committed 135552K, reserved 1179648K
  class space    used 19221K, committed 19648K, reserved 1048576K
}
Event: 73.525 GC heap before
{Heap before GC invocations=71 (full 0):
 garbage-first heap   total 286720K, used 145577K [0x0000000700000000, 0x0000000800000000)
  region size 2048K, 7 young (14336K), 2 survivors (4096K)
 Metaspace       used 134615K, committed 135616K, reserved 1179648K
  class space    used 19221K, committed 19648K, reserved 1048576K
}
Event: 73.539 GC heap after
{Heap after GC invocations=72 (full 0):
 garbage-first heap   total 286720K, used 135478K [0x0000000700000000, 0x0000000800000000)
  region size 2048K, 1 young (2048K), 1 survivors (2048K)
 Metaspace       used 134615K, committed 135616K, reserved 1179648K
  class space    used 19221K, committed 19648K, reserved 1048576K
}
Event: 81.040 GC heap before
{Heap before GC invocations=72 (full 0):
 garbage-first heap   total 286720K, used 241974K [0x0000000700000000, 0x0000000800000000)
  region size 2048K, 53 young (108544K), 1 survivors (2048K)
 Metaspace       used 135427K, committed 136512K, reserved 1179648K
  class space    used 19262K, committed 19712K, reserved 1048576K
}

