# JRE version: OpenJDK Runtime Environment (17.0.9) (build 17.0.9+0--11185874)
# Java VM: OpenJDK 64-Bit Server VM (17.0.9+0--11185874, mixed mode, tiered, compressed oops, compressed class ptrs, g1 gc, windows-amd64)
GC Precious Log:
 CPUs: 8 total, 8 available
 Memory: 6005M
 Large Page Support: Disabled
 NUMA Support: Disabled
 Compressed Oops: Enabled (Zero based)
 Heap Region Size: 2M
 Heap Min Capacity: 8M
 Heap Initial Capacity: 94M
 Heap Max Capacity: 4G
 Pre-touch: Disabled
 Parallel Workers: 8
 Concurrent Workers: 2
 Concurrent Refinement Workers: 8
 Periodic GC: Disabled
Heap:
 garbage-first heap   total 808960K, used 216472K [0x0000000700000000, 0x0000000800000000)
  region size 2048K, 5 young (10240K), 5 survivors (10240K)
 Metaspace       used 154454K, committed 155520K, reserved 1245184K
  class space    used 21274K, committed 21696K, reserved 1048576K
GC Heap History (20 events):
Event: 47.231 GC heap after
{Heap after GC invocations=67 (full 0):
 garbage-first heap   total 301056K, used 135882K [0x0000000700000000, 0x0000000800000000)
  region size 2048K, 2 young (4096K), 2 survivors (4096K)
 Metaspace       used 132631K, committed 133568K, reserved 1179648K
  class space    used 17995K, committed 18432K, reserved 1048576K
}
Event: 47.318 GC heap before
{Heap before GC invocations=67 (full 0):
 garbage-first heap   total 301056K, used 189130K [0x0000000700000000, 0x0000000800000000)
  region size 2048K, 4 young (8192K), 2 survivors (4096K)
 Metaspace       used 132888K, committed 133888K, reserved 1179648K
  class space    used 18036K, committed 18496K, reserved 1048576K
}
Event: 47.321 GC heap after
{Heap after GC invocations=68 (full 0):
 garbage-first heap   total 301056K, used 186342K [0x0000000700000000, 0x0000000800000000)
  region size 2048K, 2 young (4096K), 2 survivors (4096K)
 Metaspace       used 132888K, committed 133888K, reserved 1179648K
  class space    used 18036K, committed 18496K, reserved 1048576K
}
Event: 48.644 GC heap before
{Heap before GC invocations=69 (full 0):
 garbage-first heap   total 423936K, used 292838K [0x0000000700000000, 0x0000000800000000)
  region size 2048K, 29 young (59392K), 2 survivors (4096K)
 Metaspace       used 135161K, committed 136192K, reserved 1179648K
  class space    used 18342K, committed 18816K, reserved 1048576K
}
Event: 48.658 GC heap after
{Heap after GC invocations=70 (full 0):
 garbage-first heap   total 423936K, used 142406K [0x0000000700000000, 0x0000000800000000)
  region size 2048K, 4 young (8192K), 4 survivors (8192K)
 Metaspace       used 135161K, committed 136192K, reserved 1179648K
  class space    used 18342K, committed 18816K, reserved 1048576K
}
Event: 48.694 GC heap before
{Heap before GC invocations=70 (full 0):
 garbage-first heap   total 423936K, used 154694K [0x0000000700000000, 0x0000000800000000)
  region size 2048K, 10 young (20480K), 4 survivors (8192K)
 Metaspace       used 135175K, committed 136192K, reserved 1179648K
  class space    used 18344K, committed 18816K, reserved 1048576K
}
Event: 48.709 GC heap after
{Heap after GC invocations=71 (full 0):
 garbage-first heap   total 423936K, used 144525K [0x0000000700000000, 0x0000000800000000)
  region size 2048K, 2 young (4096K), 2 survivors (4096K)
 Metaspace       used 135175K, committed 136192K, reserved 1179648K
  class space    used 18344K, committed 18816K, reserved 1048576K
}
Event: 51.416 GC heap before
{Heap before GC invocations=71 (full 0):
 garbage-first heap   total 423936K, used 337037K [0x0000000700000000, 0x0000000800000000)
  region size 2048K, 97 young (198656K), 2 survivors (4096K)
 Metaspace       used 147014K, committed 148032K, reserved 1179648K
  class space    used 20309K, committed 20736K, reserved 1048576K
}
Event: 51.494 GC heap after
{Heap after GC invocations=72 (full 0):
 garbage-first heap   total 423936K, used 171179K [0x0000000700000000, 0x0000000800000000)
  region size 2048K, 13 young (26624K), 13 survivors (26624K)
 Metaspace       used 147014K, committed 148032K, reserved 1179648K
  class space    used 20309K, committed 20736K, reserved 1048576K
}
Event: 52.565 GC heap before
{Heap before GC invocations=72 (full 0):
 garbage-first heap   total 423936K, used 335019K [0x0000000700000000, 0x0000000800000000)
  region size 2048K, 94 young (192512K), 13 survivors (26624K)
 Metaspace       used 149507K, committed 150592K, reserved 1179648K
  class space    used 20670K, committed 21120K, reserved 1048576K
}
Event: 52.612 GC heap after
{Heap after GC invocations=73 (full 0):
 garbage-first heap   total 808960K, used 181277K [0x0000000700000000, 0x0000000800000000)
  region size 2048K, 6 young (12288K), 6 survivors (12288K)
 Metaspace       used 149507K, committed 150592K, reserved 1179648K
  class space    used 20670K, committed 21120K, reserved 1048576K
}
Event: 55.331 GC heap before
{Heap before GC invocations=73 (full 0):
 garbage-first heap   total 808960K, used 588829K [0x0000000700000000, 0x0000000800000000)
  region size 2048K, 206 young (421888K), 6 survivors (12288K)
 Metaspace       used 153775K, committed 154816K, reserved 1245184K
  class space    used 21239K, committed 21696K, reserved 1048576K
}
Event: 55.430 GC heap after
{Heap after GC invocations=74 (full 0):
 garbage-first heap   total 808960K, used 192568K [0x0000000700000000, 0x0000000800000000)
  region size 2048K, 12 young (24576K), 12 survivors (24576K)
 Metaspace       used 153775K, committed 154816K, reserved 1245184K
  class space    used 21239K, committed 21696K, reserved 1048576K
}
Event: 61.169 GC heap before
{Heap before GC invocations=74 (full 0):
 garbage-first heap   total 808960K, used 647224K [0x0000000700000000, 0x0000000800000000)
  region size 2048K, 235 young (481280K), 12 survivors (24576K)
 Metaspace       used 154314K, committed 155328K, reserved 1245184K
  class space    used 21269K, committed 21696K, reserved 1048576K
}
Event: 61.338 GC heap after
{Heap after GC invocations=75 (full 0):
 garbage-first heap   total 808960K, used 213073K [0x0000000700000000, 0x0000000800000000)
  region size 2048K, 22 young (45056K), 22 survivors (45056K)
 Metaspace       used 154314K, committed 155328K, reserved 1245184K
  class space    used 21269K, committed 21696K, reserved 1048576K
}
Event: 64.782 GC heap before
{Heap before GC invocations=75 (full 0):
 garbage-first heap   total 808960K, used 651345K [0x0000000700000000, 0x0000000800000000)
  region size 2048K, 236 young (483328K), 22 survivors (45056K)
 Metaspace       used 154381K, committed 155456K, reserved 1245184K
  class space    used 21273K, committed 21696K, reserved 1048576K
}
Event: 65.202 GC heap after
{Heap after GC invocations=76 (full 0):
 garbage-first heap   total 808960K, used 214631K [0x0000000700000000, 0x0000000800000000)
  region size 2048K, 14 young (28672K), 14 survivors (28672K)
 Metaspace       used 154381K, committed 155456K, reserved 1245184K
  class space    used 21273K, committed 21696K, reserved 1048576K
}
Event: 66.276 GC heap before
{Heap before GC invocations=76 (full 0):
 garbage-first heap   total 808960K, used 269927K [0x0000000700000000, 0x0000000800000000)
  region size 2048K, 41 young (83968K), 14 survivors (28672K)
 Metaspace       used 154386K, committed 155456K, reserved 1245184K
  class space    used 21274K, committed 21696K, reserved 1048576K
}
Event: 66.690 GC heap after
{Heap after GC invocations=77 (full 0):
 garbage-first heap   total 808960K, used 215342K [0x0000000700000000, 0x0000000800000000)
  region size 2048K, 4 young (8192K), 4 survivors (8192K)
 Metaspace       used 154386K, committed 155456K, reserved 1245184K
  class space    used 21274K, committed 21696K, reserved 1048576K
}
Event: 69.071 GC heap before
{Heap before GC invocations=77 (full 0):
 garbage-first heap   total 808960K, used 428334K [0x0000000700000000, 0x0000000800000000)
  region size 2048K, 108 young (221184K), 4 survivors (8192K)
 Metaspace       used 154454K, committed 155520K, reserved 1245184K
  class space    used 21274K, committed 21696K, reserved 1048576K
}

