# JRE version: OpenJDK Runtime Environment (17.0.9) (build 17.0.9+0--11185874)
# Java VM: OpenJDK 64-Bit Server VM (17.0.9+0--11185874, mixed mode, tiered, compressed oops, compressed class ptrs, g1 gc, windows-amd64)
GC Precious Log:
 CPUs: 8 total, 8 available
 Memory: 6005M
 Large Page Support: Disabled
 NUMA Support: Disabled
 Compressed Oops: Enabled (Zero based)
 Heap Region Size: 2M
 Heap Min Capacity: 8M
 Heap Initial Capacity: 94M
 Heap Max Capacity: 4G
 Pre-touch: Disabled
 Parallel Workers: 8
 Concurrent Workers: 2
 Concurrent Refinement Workers: 8
 Periodic GC: Disabled
Heap:
 garbage-first heap   total 571392K, used 442544K [0x0000000700000000, 0x0000000800000000)
  region size 2048K, 148 young (303104K), 3 survivors (6144K)
 Metaspace       used 142084K, committed 143168K, reserved 1179648K
  class space    used 19099K, committed 19584K, reserved 1048576K
GC Heap History (20 events):
Event: 1009.181 GC heap before
{Heap before GC invocations=56 (full 0):
 garbage-first heap   total 182272K, used 149573K [0x0000000700000000, 0x0000000800000000)
  region size 2048K, 24 young (49152K), 2 survivors (4096K)
 Metaspace       used 103410K, committed 104320K, reserved 1179648K
  class space    used 14277K, committed 14720K, reserved 1048576K
}
Event: 1009.301 GC heap after
{Heap after GC invocations=57 (full 0):
 garbage-first heap   total 182272K, used 107626K [0x0000000700000000, 0x0000000800000000)
  region size 2048K, 3 young (6144K), 3 survivors (6144K)
 Metaspace       used 103410K, committed 104320K, reserved 1179648K
  class space    used 14277K, committed 14720K, reserved 1048576K
}
Event: 1011.415 GC heap before
{Heap before GC invocations=58 (full 0):
 garbage-first heap   total 223232K, used 148586K [0x0000000700000000, 0x0000000800000000)
  region size 2048K, 23 young (47104K), 3 survivors (6144K)
 Metaspace       used 103776K, committed 104768K, reserved 1179648K
  class space    used 14294K, committed 14720K, reserved 1048576K
}
Event: 1011.513 GC heap after
{Heap after GC invocations=59 (full 0):
 garbage-first heap   total 223232K, used 112130K [0x0000000700000000, 0x0000000800000000)
  region size 2048K, 3 young (6144K), 3 survivors (6144K)
 Metaspace       used 103776K, committed 104768K, reserved 1179648K
  class space    used 14294K, committed 14720K, reserved 1048576K
}
Event: 1011.687 GC heap before
{Heap before GC invocations=59 (full 0):
 garbage-first heap   total 223232K, used 116226K [0x0000000700000000, 0x0000000800000000)
  region size 2048K, 5 young (10240K), 3 survivors (6144K)
 Metaspace       used 103831K, committed 104768K, reserved 1179648K
  class space    used 14295K, committed 14720K, reserved 1048576K
}
Event: 1011.708 GC heap after
{Heap after GC invocations=60 (full 0):
 garbage-first heap   total 223232K, used 113338K [0x0000000700000000, 0x0000000800000000)
  region size 2048K, 1 young (2048K), 1 survivors (2048K)
 Metaspace       used 103831K, committed 104768K, reserved 1179648K
  class space    used 14295K, committed 14720K, reserved 1048576K
}
Event: 1506.047 GC heap before
{Heap before GC invocations=60 (full 0):
 garbage-first heap   total 223232K, used 176826K [0x0000000700000000, 0x0000000800000000)
  region size 2048K, 33 young (67584K), 1 survivors (2048K)
 Metaspace       used 104217K, committed 105152K, reserved 1179648K
  class space    used 14311K, committed 14720K, reserved 1048576K
}
Event: 1506.217 GC heap after
{Heap after GC invocations=61 (full 0):
 garbage-first heap   total 409600K, used 118589K [0x0000000700000000, 0x0000000800000000)
  region size 2048K, 4 young (8192K), 4 survivors (8192K)
 Metaspace       used 104217K, committed 105152K, reserved 1179648K
  class space    used 14311K, committed 14720K, reserved 1048576K
}
Event: 1510.679 GC heap before
{Heap before GC invocations=62 (full 0):
 garbage-first heap   total 409600K, used 171837K [0x0000000700000000, 0x0000000800000000)
  region size 2048K, 31 young (63488K), 4 survivors (8192K)
 Metaspace       used 104468K, committed 105472K, reserved 1179648K
  class space    used 14320K, committed 14784K, reserved 1048576K
}
Event: 1510.712 GC heap after
{Heap after GC invocations=63 (full 0):
 garbage-first heap   total 409600K, used 122872K [0x0000000700000000, 0x0000000800000000)
  region size 2048K, 3 young (6144K), 3 survivors (6144K)
 Metaspace       used 104468K, committed 105472K, reserved 1179648K
  class space    used 14320K, committed 14784K, reserved 1048576K
}
Event: 1511.096 GC heap before
{Heap before GC invocations=63 (full 0):
 garbage-first heap   total 409600K, used 137208K [0x0000000700000000, 0x0000000800000000)
  region size 2048K, 10 young (20480K), 3 survivors (6144K)
 Metaspace       used 104643K, committed 105664K, reserved 1179648K
  class space    used 14332K, committed 14784K, reserved 1048576K
}
Event: 1511.118 GC heap after
{Heap after GC invocations=64 (full 0):
 garbage-first heap   total 409600K, used 124381K [0x0000000700000000, 0x0000000800000000)
  region size 2048K, 2 young (4096K), 2 survivors (4096K)
 Metaspace       used 104643K, committed 105664K, reserved 1179648K
  class space    used 14332K, committed 14784K, reserved 1048576K
}
Event: 1526.952 GC heap before
{Heap before GC invocations=64 (full 0):
 garbage-first heap   total 409600K, used 253405K [0x0000000700000000, 0x0000000800000000)
  region size 2048K, 46 young (94208K), 2 survivors (4096K)
 Metaspace       used 110277K, committed 111232K, reserved 1179648K
  class space    used 15020K, committed 15424K, reserved 1048576K
}
Event: 1527.116 GC heap after
{Heap after GC invocations=65 (full 0):
 garbage-first heap   total 409600K, used 168865K [0x0000000700000000, 0x0000000800000000)
  region size 2048K, 5 young (10240K), 5 survivors (10240K)
 Metaspace       used 110277K, committed 111232K, reserved 1179648K
  class space    used 15020K, committed 15424K, reserved 1048576K
}
Event: 1531.376 GC heap before
{Heap before GC invocations=65 (full 0):
 garbage-first heap   total 409600K, used 312225K [0x0000000700000000, 0x0000000800000000)
  region size 2048K, 55 young (112640K), 5 survivors (10240K)
 Metaspace       used 118204K, committed 119168K, reserved 1179648K
  class space    used 15988K, committed 16448K, reserved 1048576K
}
Event: 1531.484 GC heap after
{Heap after GC invocations=66 (full 0):
 garbage-first heap   total 409600K, used 140740K [0x0000000700000000, 0x0000000800000000)
  region size 2048K, 7 young (14336K), 7 survivors (14336K)
 Metaspace       used 118204K, committed 119168K, reserved 1179648K
  class space    used 15988K, committed 16448K, reserved 1048576K
}
Event: 1531.833 GC heap before
{Heap before GC invocations=66 (full 0):
 garbage-first heap   total 409600K, used 224708K [0x0000000700000000, 0x0000000800000000)
  region size 2048K, 49 young (100352K), 7 survivors (14336K)
 Metaspace       used 118502K, committed 119488K, reserved 1179648K
  class space    used 16003K, committed 16448K, reserved 1048576K
}
Event: 1531.859 GC heap after
{Heap after GC invocations=67 (full 0):
 garbage-first heap   total 409600K, used 144957K [0x0000000700000000, 0x0000000800000000)
  region size 2048K, 2 young (4096K), 2 survivors (4096K)
 Metaspace       used 118502K, committed 119488K, reserved 1179648K
  class space    used 16003K, committed 16448K, reserved 1048576K
}
Event: 1532.471 GC heap before
{Heap before GC invocations=67 (full 0):
 garbage-first heap   total 409600K, used 323133K [0x0000000700000000, 0x0000000800000000)
  region size 2048K, 89 young (182272K), 2 survivors (4096K)
 Metaspace       used 118579K, committed 119552K, reserved 1179648K
  class space    used 16003K, committed 16448K, reserved 1048576K
}
Event: 1532.484 GC heap after
{Heap after GC invocations=68 (full 0):
 garbage-first heap   total 571392K, used 145584K [0x0000000700000000, 0x0000000800000000)
  region size 2048K, 3 young (6144K), 3 survivors (6144K)
 Metaspace       used 118579K, committed 119552K, reserved 1179648K
  class space    used 16003K, committed 16448K, reserved 1048576K
}

