# JRE version: OpenJDK Runtime Environment (17.0.9) (build 17.0.9+0--11185874)
# Java VM: OpenJDK 64-Bit Server VM (17.0.9+0--11185874, mixed mode, tiered, compressed oops, compressed class ptrs, g1 gc, windows-amd64)
GC Precious Log:
 CPUs: 8 total, 8 available
 Memory: 6005M
 Large Page Support: Disabled
 NUMA Support: Disabled
 Compressed Oops: Enabled (Zero based)
 Heap Region Size: 2M
 Heap Min Capacity: 8M
 Heap Initial Capacity: 94M
 Heap Max Capacity: 4G
 Pre-touch: Disabled
 Parallel Workers: 8
 Concurrent Workers: 2
 Concurrent Refinement Workers: 8
 Periodic GC: Disabled
Heap:
 garbage-first heap   total 516096K, used 250579K [0x0000000700000000, 0x0000000800000000)
  region size 2048K, 25 young (51200K), 5 survivors (10240K)
 Metaspace       used 131929K, committed 133184K, reserved 1179648K
  class space    used 18162K, committed 18752K, reserved 1048576K
GC Heap History (20 events):
Event: 47.581 GC heap before
{Heap before GC invocations=44 (full 0):
 garbage-first heap   total 432128K, used 248668K [0x0000000700000000, 0x0000000800000000)
  region size 2048K, 17 young (34816K), 2 survivors (4096K)
 Metaspace       used 114452K, committed 115392K, reserved 1179648K
  class space    used 15703K, committed 16128K, reserved 1048576K
}
Event: 47.587 GC heap after
{Heap after GC invocations=45 (full 0):
 garbage-first heap   total 432128K, used 174147K [0x0000000700000000, 0x0000000800000000)
  region size 2048K, 3 young (6144K), 3 survivors (6144K)
 Metaspace       used 114452K, committed 115392K, reserved 1179648K
  class space    used 15703K, committed 16128K, reserved 1048576K
}
Event: 47.590 GC heap before
{Heap before GC invocations=45 (full 0):
 garbage-first heap   total 432128K, used 182339K [0x0000000700000000, 0x0000000800000000)
  region size 2048K, 4 young (8192K), 3 survivors (6144K)
 Metaspace       used 114452K, committed 115392K, reserved 1179648K
  class space    used 15703K, committed 16128K, reserved 1048576K
}
Event: 47.594 GC heap after
{Heap after GC invocations=46 (full 0):
 garbage-first heap   total 432128K, used 182575K [0x0000000700000000, 0x0000000800000000)
  region size 2048K, 3 young (6144K), 3 survivors (6144K)
 Metaspace       used 114452K, committed 115392K, reserved 1179648K
  class space    used 15703K, committed 16128K, reserved 1048576K
}
Event: 612.964 GC heap before
{Heap before GC invocations=47 (full 0):
 garbage-first heap   total 495616K, used 446767K [0x0000000700000000, 0x0000000800000000)
  region size 2048K, 85 young (174080K), 3 survivors (6144K)
 Metaspace       used 116097K, committed 117056K, reserved 1179648K
  class space    used 15869K, committed 16320K, reserved 1048576K
}
Event: 613.101 GC heap after
{Heap after GC invocations=48 (full 0):
 garbage-first heap   total 495616K, used 141235K [0x0000000700000000, 0x0000000800000000)
  region size 2048K, 11 young (22528K), 11 survivors (22528K)
 Metaspace       used 116097K, committed 117056K, reserved 1179648K
  class space    used 15869K, committed 16320K, reserved 1048576K
}
Event: 626.004 GC heap before
{Heap before GC invocations=48 (full 0):
 garbage-first heap   total 495616K, used 182195K [0x0000000700000000, 0x0000000800000000)
  region size 2048K, 32 young (65536K), 11 survivors (22528K)
 Metaspace       used 116256K, committed 117312K, reserved 1179648K
  class space    used 15878K, committed 16320K, reserved 1048576K
}
Event: 626.081 GC heap after
{Heap after GC invocations=49 (full 0):
 garbage-first heap   total 495616K, used 145551K [0x0000000700000000, 0x0000000800000000)
  region size 2048K, 11 young (22528K), 11 survivors (22528K)
 Metaspace       used 116256K, committed 117312K, reserved 1179648K
  class space    used 15878K, committed 16320K, reserved 1048576K
}
Event: 1636.098 GC heap before
{Heap before GC invocations=50 (full 0):
 garbage-first heap   total 495616K, used 452751K [0x0000000700000000, 0x0000000800000000)
  region size 2048K, 63 young (129024K), 11 survivors (22528K)
 Metaspace       used 116761K, committed 117824K, reserved 1179648K
  class space    used 15899K, committed 16384K, reserved 1048576K
}
Event: 1636.211 GC heap after
{Heap after GC invocations=51 (full 0):
 garbage-first heap   total 495616K, used 134437K [0x0000000700000000, 0x0000000800000000)
  region size 2048K, 4 young (8192K), 4 survivors (8192K)
 Metaspace       used 116761K, committed 117824K, reserved 1179648K
  class space    used 15899K, committed 16384K, reserved 1048576K
}
Event: 1636.359 GC heap before
{Heap before GC invocations=51 (full 0):
 garbage-first heap   total 495616K, used 150821K [0x0000000700000000, 0x0000000800000000)
  region size 2048K, 12 young (24576K), 4 survivors (8192K)
 Metaspace       used 116762K, committed 117824K, reserved 1179648K
  class space    used 15899K, committed 16384K, reserved 1048576K
}
Event: 1636.406 GC heap after
{Heap after GC invocations=52 (full 0):
 garbage-first heap   total 495616K, used 132680K [0x0000000700000000, 0x0000000800000000)
  region size 2048K, 1 young (2048K), 1 survivors (2048K)
 Metaspace       used 116762K, committed 117824K, reserved 1179648K
  class space    used 15899K, committed 16384K, reserved 1048576K
}
Event: 1664.908 GC heap before
{Heap before GC invocations=52 (full 0):
 garbage-first heap   total 495616K, used 224840K [0x0000000700000000, 0x0000000800000000)
  region size 2048K, 48 young (98304K), 1 survivors (2048K)
 Metaspace       used 118695K, committed 119808K, reserved 1179648K
  class space    used 16117K, committed 16640K, reserved 1048576K
}
Event: 1664.974 GC heap after
{Heap after GC invocations=53 (full 0):
 garbage-first heap   total 495616K, used 143018K [0x0000000700000000, 0x0000000800000000)
  region size 2048K, 6 young (12288K), 6 survivors (12288K)
 Metaspace       used 118695K, committed 119808K, reserved 1179648K
  class space    used 16117K, committed 16640K, reserved 1048576K
}
Event: 1669.327 GC heap before
{Heap before GC invocations=54 (full 0):
 garbage-first heap   total 495616K, used 456362K [0x0000000700000000, 0x0000000800000000)
  region size 2048K, 112 young (229376K), 6 survivors (12288K)
 Metaspace       used 130114K, committed 131392K, reserved 1179648K
  class space    used 17882K, committed 18496K, reserved 1048576K
}
Event: 1669.444 GC heap after
{Heap after GC invocations=55 (full 0):
 garbage-first heap   total 516096K, used 190696K [0x0000000700000000, 0x0000000800000000)
  region size 2048K, 16 young (32768K), 16 survivors (32768K)
 Metaspace       used 130114K, committed 131392K, reserved 1179648K
  class space    used 17882K, committed 18496K, reserved 1048576K
}
Event: 1669.477 GC heap before
{Heap before GC invocations=55 (full 0):
 garbage-first heap   total 516096K, used 192744K [0x0000000700000000, 0x0000000800000000)
  region size 2048K, 17 young (34816K), 16 survivors (32768K)
 Metaspace       used 130215K, committed 131520K, reserved 1179648K
  class space    used 17888K, committed 18496K, reserved 1048576K
}
Event: 1669.502 GC heap after
{Heap after GC invocations=56 (full 0):
 garbage-first heap   total 516096K, used 189805K [0x0000000700000000, 0x0000000800000000)
  region size 2048K, 2 young (4096K), 2 survivors (4096K)
 Metaspace       used 130215K, committed 131520K, reserved 1179648K
  class space    used 17888K, committed 18496K, reserved 1048576K
}
Event: 1670.632 GC heap before
{Heap before GC invocations=56 (full 0):
 garbage-first heap   total 516096K, used 253293K [0x0000000700000000, 0x0000000800000000)
  region size 2048K, 35 young (71680K), 2 survivors (4096K)
 Metaspace       used 131097K, committed 132288K, reserved 1179648K
  class space    used 18025K, committed 18560K, reserved 1048576K
}
Event: 1670.651 GC heap after
{Heap after GC invocations=57 (full 0):
 garbage-first heap   total 516096K, used 195283K [0x0000000700000000, 0x0000000800000000)
  region size 2048K, 5 young (10240K), 5 survivors (10240K)
 Metaspace       used 131097K, committed 132288K, reserved 1179648K
  class space    used 18025K, committed 18560K, reserved 1048576K
}

