# JRE version: OpenJDK Runtime Environment (17.0.9) (build 17.0.9+0--11185874)
# Java VM: OpenJDK 64-Bit Server VM (17.0.9+0--11185874, mixed mode, tiered, compressed oops, compressed class ptrs, g1 gc, windows-amd64)
GC Precious Log:
 CPUs: 8 total, 8 available
 Memory: 6005M
 Large Page Support: Disabled
 NUMA Support: Disabled
 Compressed Oops: Enabled (Zero based)
 Heap Region Size: 2M
 Heap Min Capacity: 8M
 Heap Initial Capacity: 94M
 Heap Max Capacity: 4G
 Pre-touch: Disabled
 Parallel Workers: 8
 Concurrent Workers: 2
 Concurrent Refinement Workers: 8
 Periodic GC: Disabled
Heap:
 garbage-first heap   total 141312K, used 113131K [0x0000000700000000, 0x0000000800000000)
  region size 2048K, 20 young (40960K), 3 survivors (6144K)
 Metaspace       used 91431K, committed 92160K, reserved 1179648K
  class space    used 12624K, committed 12928K, reserved 1048576K
GC Heap History (20 events):
Event: 14.800 GC heap before
{Heap before GC invocations=38 (full 0):
 garbage-first heap   total 96256K, used 80792K [0x0000000700000000, 0x0000000800000000)
  region size 2048K, 8 young (16384K), 1 survivors (2048K)
 Metaspace       used 80941K, committed 81536K, reserved 1179648K
  class space    used 10944K, committed 11200K, reserved 1048576K
}
Event: 14.802 GC heap after
{Heap after GC invocations=39 (full 0):
 garbage-first heap   total 96256K, used 68164K [0x0000000700000000, 0x0000000800000000)
  region size 2048K, 1 young (2048K), 1 survivors (2048K)
 Metaspace       used 80941K, committed 81536K, reserved 1179648K
  class space    used 10944K, committed 11200K, reserved 1048576K
}
Event: 14.958 GC heap before
{Heap before GC invocations=39 (full 0):
 garbage-first heap   total 96256K, used 78404K [0x0000000700000000, 0x0000000800000000)
  region size 2048K, 7 young (14336K), 1 survivors (2048K)
 Metaspace       used 81124K, committed 81728K, reserved 1179648K
  class space    used 10982K, committed 11264K, reserved 1048576K
}
Event: 14.961 GC heap after
{Heap after GC invocations=40 (full 0):
 garbage-first heap   total 96256K, used 69580K [0x0000000700000000, 0x0000000800000000)
  region size 2048K, 1 young (2048K), 1 survivors (2048K)
 Metaspace       used 81124K, committed 81728K, reserved 1179648K
  class space    used 10982K, committed 11264K, reserved 1048576K
}
Event: 15.009 GC heap before
{Heap before GC invocations=40 (full 0):
 garbage-first heap   total 96256K, used 79820K [0x0000000700000000, 0x0000000800000000)
  region size 2048K, 6 young (12288K), 1 survivors (2048K)
 Metaspace       used 81250K, committed 81920K, reserved 1179648K
  class space    used 11006K, committed 11328K, reserved 1048576K
}
Event: 15.011 GC heap after
{Heap after GC invocations=41 (full 0):
 garbage-first heap   total 96256K, used 70132K [0x0000000700000000, 0x0000000800000000)
  region size 2048K, 1 young (2048K), 1 survivors (2048K)
 Metaspace       used 81250K, committed 81920K, reserved 1179648K
  class space    used 11006K, committed 11328K, reserved 1048576K
}
Event: 15.051 GC heap before
{Heap before GC invocations=41 (full 0):
 garbage-first heap   total 96256K, used 80372K [0x0000000700000000, 0x0000000800000000)
  region size 2048K, 6 young (12288K), 1 survivors (2048K)
 Metaspace       used 81326K, committed 81984K, reserved 1179648K
  class space    used 11018K, committed 11328K, reserved 1048576K
}
Event: 15.053 GC heap after
{Heap after GC invocations=42 (full 0):
 garbage-first heap   total 116736K, used 70403K [0x0000000700000000, 0x0000000800000000)
  region size 2048K, 1 young (2048K), 1 survivors (2048K)
 Metaspace       used 81326K, committed 81984K, reserved 1179648K
  class space    used 11018K, committed 11328K, reserved 1048576K
}
Event: 15.423 GC heap before
{Heap before GC invocations=42 (full 0):
 garbage-first heap   total 116736K, used 94979K [0x0000000700000000, 0x0000000800000000)
  region size 2048K, 14 young (28672K), 1 survivors (2048K)
 Metaspace       used 82698K, committed 83328K, reserved 1179648K
  class space    used 11182K, committed 11456K, reserved 1048576K
}
Event: 15.426 GC heap after
{Heap after GC invocations=43 (full 0):
 garbage-first heap   total 116736K, used 72276K [0x0000000700000000, 0x0000000800000000)
  region size 2048K, 2 young (4096K), 2 survivors (4096K)
 Metaspace       used 82698K, committed 83328K, reserved 1179648K
  class space    used 11182K, committed 11456K, reserved 1048576K
}
Event: 15.650 GC heap before
{Heap before GC invocations=43 (full 0):
 garbage-first heap   total 116736K, used 96852K [0x0000000700000000, 0x0000000800000000)
  region size 2048K, 14 young (28672K), 2 survivors (4096K)
 Metaspace       used 83498K, committed 84160K, reserved 1179648K
  class space    used 11303K, committed 11584K, reserved 1048576K
}
Event: 15.653 GC heap after
{Heap after GC invocations=44 (full 0):
 garbage-first heap   total 116736K, used 72588K [0x0000000700000000, 0x0000000800000000)
  region size 2048K, 2 young (4096K), 2 survivors (4096K)
 Metaspace       used 83498K, committed 84160K, reserved 1179648K
  class space    used 11303K, committed 11584K, reserved 1048576K
}
Event: 15.844 GC heap before
{Heap before GC invocations=44 (full 0):
 garbage-first heap   total 116736K, used 95116K [0x0000000700000000, 0x0000000800000000)
  region size 2048K, 13 young (26624K), 2 survivors (4096K)
 Metaspace       used 83698K, committed 84416K, reserved 1179648K
  class space    used 11330K, committed 11648K, reserved 1048576K
}
Event: 15.847 GC heap after
{Heap after GC invocations=45 (full 0):
 garbage-first heap   total 116736K, used 74334K [0x0000000700000000, 0x0000000800000000)
  region size 2048K, 2 young (4096K), 2 survivors (4096K)
 Metaspace       used 83698K, committed 84416K, reserved 1179648K
  class space    used 11330K, committed 11648K, reserved 1048576K
}
Event: 16.094 GC heap before
{Heap before GC invocations=45 (full 0):
 garbage-first heap   total 116736K, used 96862K [0x0000000700000000, 0x0000000800000000)
  region size 2048K, 13 young (26624K), 2 survivors (4096K)
 Metaspace       used 85322K, committed 86080K, reserved 1179648K
  class space    used 11577K, committed 11904K, reserved 1048576K
}
Event: 16.098 GC heap after
{Heap after GC invocations=46 (full 0):
 garbage-first heap   total 116736K, used 76097K [0x0000000700000000, 0x0000000800000000)
  region size 2048K, 2 young (4096K), 2 survivors (4096K)
 Metaspace       used 85322K, committed 86080K, reserved 1179648K
  class space    used 11577K, committed 11904K, reserved 1048576K
}
Event: 16.454 GC heap before
{Heap before GC invocations=46 (full 0):
 garbage-first heap   total 116736K, used 96577K [0x0000000700000000, 0x0000000800000000)
  region size 2048K, 12 young (24576K), 2 survivors (4096K)
 Metaspace       used 87650K, committed 88320K, reserved 1179648K
  class space    used 12058K, committed 12352K, reserved 1048576K
}
Event: 16.458 GC heap after
{Heap after GC invocations=47 (full 0):
 garbage-first heap   total 141312K, used 77320K [0x0000000700000000, 0x0000000800000000)
  region size 2048K, 2 young (4096K), 2 survivors (4096K)
 Metaspace       used 87650K, committed 88320K, reserved 1179648K
  class space    used 12058K, committed 12352K, reserved 1048576K
}
Event: 16.950 GC heap before
{Heap before GC invocations=47 (full 0):
 garbage-first heap   total 141312K, used 114184K [0x0000000700000000, 0x0000000800000000)
  region size 2048K, 20 young (40960K), 2 survivors (4096K)
 Metaspace       used 90154K, committed 90880K, reserved 1179648K
  class space    used 12421K, committed 12736K, reserved 1048576K
}
Event: 16.954 GC heap after
{Heap after GC invocations=48 (full 0):
 garbage-first heap   total 141312K, used 80363K [0x0000000700000000, 0x0000000800000000)
  region size 2048K, 3 young (6144K), 3 survivors (6144K)
 Metaspace       used 90154K, committed 90880K, reserved 1179648K
  class space    used 12421K, committed 12736K, reserved 1048576K
}

