# JRE version: OpenJDK Runtime Environment (17.0.9) (build 17.0.9+0--11185874)
# Java VM: OpenJDK 64-Bit Server VM (17.0.9+0--11185874, mixed mode, tiered, compressed oops, compressed class ptrs, g1 gc, windows-amd64)
GC Precious Log:
 CPUs: 8 total, 8 available
 Memory: 6005M
 Large Page Support: Disabled
 NUMA Support: Disabled
 Compressed Oops: Enabled (Zero based)
 Heap Region Size: 2M
 Heap Min Capacity: 8M
 Heap Initial Capacity: 94M
 Heap Max Capacity: 4G
 Pre-touch: Disabled
 Parallel Workers: 8
 Concurrent Workers: 2
 Concurrent Refinement Workers: 8
 Periodic GC: Disabled
Heap:
 garbage-first heap   total 823296K, used 300382K [0x0000000700000000, 0x0000000800000000)
  region size 2048K, 6 young (12288K), 6 survivors (12288K)
 Metaspace       used 138406K, committed 139456K, reserved 1179648K
  class space    used 19108K, committed 19584K, reserved 1048576K
GC Heap History (20 events):
Event: 34.659 GC heap after
{Heap after GC invocations=53 (full 0):
 garbage-first heap   total 460800K, used 216300K [0x0000000700000000, 0x0000000800000000)
  region size 2048K, 1 young (2048K), 1 survivors (2048K)
 Metaspace       used 120959K, committed 121984K, reserved 1179648K
  class space    used 16967K, committed 17408K, reserved 1048576K
}
Event: 35.402 GC heap before
{Heap before GC invocations=53 (full 0):
 garbage-first heap   total 460800K, used 349420K [0x0000000700000000, 0x0000000800000000)
  region size 2048K, 66 young (135168K), 1 survivors (2048K)
 Metaspace       used 123131K, committed 124160K, reserved 1179648K
  class space    used 17217K, committed 17664K, reserved 1048576K
}
Event: 35.415 GC heap after
{Heap after GC invocations=54 (full 0):
 garbage-first heap   total 823296K, used 219433K [0x0000000700000000, 0x0000000800000000)
  region size 2048K, 3 young (6144K), 3 survivors (6144K)
 Metaspace       used 123131K, committed 124160K, reserved 1179648K
  class space    used 17217K, committed 17664K, reserved 1048576K
}
Event: 38.612 GC heap before
{Heap before GC invocations=54 (full 0):
 garbage-first heap   total 823296K, used 667945K [0x0000000700000000, 0x0000000800000000)
  region size 2048K, 223 young (456704K), 3 survivors (6144K)
 Metaspace       used 124173K, committed 125184K, reserved 1179648K
  class space    used 17278K, committed 17728K, reserved 1048576K
}
Event: 38.646 GC heap after
{Heap after GC invocations=55 (full 0):
 garbage-first heap   total 823296K, used 229415K [0x0000000700000000, 0x0000000800000000)
  region size 2048K, 8 young (16384K), 8 survivors (16384K)
 Metaspace       used 124173K, committed 125184K, reserved 1179648K
  class space    used 17278K, committed 17728K, reserved 1048576K
}
Event: 43.091 GC heap before
{Heap before GC invocations=55 (full 0):
 garbage-first heap   total 823296K, used 671783K [0x0000000700000000, 0x0000000800000000)
  region size 2048K, 225 young (460800K), 8 survivors (16384K)
 Metaspace       used 124334K, committed 125376K, reserved 1179648K
  class space    used 17286K, committed 17728K, reserved 1048576K
}
Event: 43.501 GC heap after
{Heap after GC invocations=56 (full 0):
 garbage-first heap   total 823296K, used 231965K [0x0000000700000000, 0x0000000800000000)
  region size 2048K, 9 young (18432K), 9 survivors (18432K)
 Metaspace       used 124334K, committed 125376K, reserved 1179648K
  class space    used 17286K, committed 17728K, reserved 1048576K
}
Event: 44.337 GC heap before
{Heap before GC invocations=56 (full 0):
 garbage-first heap   total 823296K, used 297501K [0x0000000700000000, 0x0000000800000000)
  region size 2048K, 41 young (83968K), 9 survivors (18432K)
 Metaspace       used 124354K, committed 125376K, reserved 1179648K
  class space    used 17287K, committed 17728K, reserved 1048576K
}
Event: 44.765 GC heap after
{Heap after GC invocations=57 (full 0):
 garbage-first heap   total 823296K, used 234427K [0x0000000700000000, 0x0000000800000000)
  region size 2048K, 4 young (8192K), 4 survivors (8192K)
 Metaspace       used 124354K, committed 125376K, reserved 1179648K
  class space    used 17287K, committed 17728K, reserved 1048576K
}
Event: 45.210 GC heap before
{Heap before GC invocations=57 (full 0):
 garbage-first heap   total 823296K, used 299963K [0x0000000700000000, 0x0000000800000000)
  region size 2048K, 36 young (73728K), 4 survivors (8192K)
 Metaspace       used 124381K, committed 125376K, reserved 1179648K
  class space    used 17288K, committed 17728K, reserved 1048576K
}
Event: 45.224 GC heap after
{Heap after GC invocations=58 (full 0):
 garbage-first heap   total 823296K, used 234152K [0x0000000700000000, 0x0000000800000000)
  region size 2048K, 1 young (2048K), 1 survivors (2048K)
 Metaspace       used 124381K, committed 125376K, reserved 1179648K
  class space    used 17288K, committed 17728K, reserved 1048576K
}
Event: 49.085 GC heap before
{Heap before GC invocations=58 (full 0):
 garbage-first heap   total 823296K, used 680616K [0x0000000700000000, 0x0000000800000000)
  region size 2048K, 220 young (450560K), 1 survivors (2048K)
 Metaspace       used 125119K, committed 126144K, reserved 1179648K
  class space    used 17376K, committed 17856K, reserved 1048576K
}
Event: 49.101 GC heap after
{Heap after GC invocations=59 (full 0):
 garbage-first heap   total 823296K, used 239352K [0x0000000700000000, 0x0000000800000000)
  region size 2048K, 4 young (8192K), 4 survivors (8192K)
 Metaspace       used 125119K, committed 126144K, reserved 1179648K
  class space    used 17376K, committed 17856K, reserved 1048576K
}
Event: 56.484 GC heap before
{Heap before GC invocations=59 (full 0):
 garbage-first heap   total 823296K, used 610040K [0x0000000700000000, 0x0000000800000000)
  region size 2048K, 182 young (372736K), 4 survivors (8192K)
 Metaspace       used 127715K, committed 128704K, reserved 1179648K
  class space    used 17761K, committed 18176K, reserved 1048576K
}
Event: 56.505 GC heap after
{Heap after GC invocations=60 (full 0):
 garbage-first heap   total 823296K, used 255489K [0x0000000700000000, 0x0000000800000000)
  region size 2048K, 9 young (18432K), 9 survivors (18432K)
 Metaspace       used 127715K, committed 128704K, reserved 1179648K
  class space    used 17761K, committed 18176K, reserved 1048576K
}
Event: 58.715 GC heap before
{Heap before GC invocations=60 (full 0):
 garbage-first heap   total 823296K, used 452097K [0x0000000700000000, 0x0000000800000000)
  region size 2048K, 100 young (204800K), 9 survivors (18432K)
 Metaspace       used 128545K, committed 129536K, reserved 1179648K
  class space    used 17833K, committed 18240K, reserved 1048576K
}
Event: 58.814 GC heap after
{Heap after GC invocations=61 (full 0):
 garbage-first heap   total 823296K, used 285659K [0x0000000700000000, 0x0000000800000000)
  region size 2048K, 13 young (26624K), 13 survivors (26624K)
 Metaspace       used 128545K, committed 129536K, reserved 1179648K
  class space    used 17833K, committed 18240K, reserved 1048576K
}
Event: 59.327 GC heap before
{Heap before GC invocations=61 (full 0):
 garbage-first heap   total 823296K, used 338907K [0x0000000700000000, 0x0000000800000000)
  region size 2048K, 36 young (73728K), 13 survivors (26624K)
 Metaspace       used 128944K, committed 129920K, reserved 1179648K
  class space    used 17891K, committed 18304K, reserved 1048576K
}
Event: 59.477 GC heap after
{Heap after GC invocations=62 (full 0):
 garbage-first heap   total 823296K, used 298895K [0x0000000700000000, 0x0000000800000000)
  region size 2048K, 3 young (6144K), 3 survivors (6144K)
 Metaspace       used 128944K, committed 129920K, reserved 1179648K
  class space    used 17891K, committed 18304K, reserved 1048576K
}
Event: 75.075 GC heap before
{Heap before GC invocations=62 (full 0):
 garbage-first heap   total 823296K, used 409487K [0x0000000700000000, 0x0000000800000000)
  region size 2048K, 51 young (104448K), 3 survivors (6144K)
 Metaspace       used 138406K, committed 139456K, reserved 1179648K
  class space    used 19108K, committed 19584K, reserved 1048576K
}

