# JRE version: OpenJDK Runtime Environment (17.0.9) (build 17.0.9+0--11185874)
# Java VM: OpenJDK 64-Bit Server VM (17.0.9+0--11185874, mixed mode, tiered, compressed oops, compressed class ptrs, g1 gc, windows-amd64)
GC Precious Log:
 CPUs: 8 total, 8 available
 Memory: 6005M
 Large Page Support: Disabled
 NUMA Support: Disabled
 Compressed Oops: Enabled (Zero based)
 Heap Region Size: 2M
 Heap Min Capacity: 8M
 Heap Initial Capacity: 94M
 Heap Max Capacity: 4G
 Pre-touch: Disabled
 Parallel Workers: 8
 Concurrent Workers: 2
 Concurrent Refinement Workers: 8
 Periodic GC: Disabled
Heap:
 garbage-first heap   total 397312K, used 141953K [0x0000000700000000, 0x0000000800000000)
  region size 2048K, 1 young (2048K), 1 survivors (2048K)
 Metaspace       used 124156K, committed 125312K, reserved 1179648K
  class space    used 16843K, committed 17344K, reserved 1048576K
GC Heap History (20 events):
Event: 46.244 GC heap after
{Heap after GC invocations=57 (full 0):
 garbage-first heap   total 397312K, used 132892K [0x0000000700000000, 0x0000000800000000)
  region size 2048K, 2 young (4096K), 2 survivors (4096K)
 Metaspace       used 110574K, committed 111424K, reserved 1179648K
  class space    used 15190K, committed 15552K, reserved 1048576K
}
Event: 46.288 GC heap before
{Heap before GC invocations=57 (full 0):
 garbage-first heap   total 397312K, used 179996K [0x0000000700000000, 0x0000000800000000)
  region size 2048K, 3 young (6144K), 2 survivors (4096K)
 Metaspace       used 110575K, committed 111424K, reserved 1179648K
  class space    used 15190K, committed 15552K, reserved 1048576K
}
Event: 46.292 GC heap after
{Heap after GC invocations=58 (full 0):
 garbage-first heap   total 397312K, used 132944K [0x0000000700000000, 0x0000000800000000)
  region size 2048K, 2 young (4096K), 2 survivors (4096K)
 Metaspace       used 110575K, committed 111424K, reserved 1179648K
  class space    used 15190K, committed 15552K, reserved 1048576K
}
Event: 2999.382 GC heap before
{Heap before GC invocations=58 (full 0):
 garbage-first heap   total 397312K, used 337744K [0x0000000700000000, 0x0000000800000000)
  region size 2048K, 94 young (192512K), 2 survivors (4096K)
 Metaspace       used 112445K, committed 113408K, reserved 1179648K
  class space    used 15346K, committed 15808K, reserved 1048576K
}
Event: 2999.542 GC heap after
{Heap after GC invocations=59 (full 0):
 garbage-first heap   total 397312K, used 115072K [0x0000000700000000, 0x0000000800000000)
  region size 2048K, 6 young (12288K), 6 survivors (12288K)
 Metaspace       used 112445K, committed 113408K, reserved 1179648K
  class space    used 15346K, committed 15808K, reserved 1048576K
}
Event: 3018.728 GC heap before
{Heap before GC invocations=59 (full 0):
 garbage-first heap   total 397312K, used 231808K [0x0000000700000000, 0x0000000800000000)
  region size 2048K, 29 young (59392K), 6 survivors (12288K)
 Metaspace       used 112747K, committed 113728K, reserved 1179648K
  class space    used 15355K, committed 15808K, reserved 1048576K
}
Event: 3018.896 GC heap after
{Heap after GC invocations=60 (full 0):
 garbage-first heap   total 397312K, used 117891K [0x0000000700000000, 0x0000000800000000)
  region size 2048K, 7 young (14336K), 7 survivors (14336K)
 Metaspace       used 112747K, committed 113728K, reserved 1179648K
  class space    used 15355K, committed 15808K, reserved 1048576K
}
Event: 3019.015 GC heap before
{Heap before GC invocations=60 (full 0):
 garbage-first heap   total 397312K, used 191619K [0x0000000700000000, 0x0000000800000000)
  region size 2048K, 8 young (16384K), 7 survivors (14336K)
 Metaspace       used 112747K, committed 113728K, reserved 1179648K
  class space    used 15355K, committed 15808K, reserved 1048576K
}
Event: 3019.027 GC heap after
{Heap after GC invocations=61 (full 0):
 garbage-first heap   total 397312K, used 138407K [0x0000000700000000, 0x0000000800000000)
  region size 2048K, 7 young (14336K), 7 survivors (14336K)
 Metaspace       used 112747K, committed 113728K, reserved 1179648K
  class space    used 15355K, committed 15808K, reserved 1048576K
}
Event: 4618.598 GC heap before
{Heap before GC invocations=61 (full 0):
 garbage-first heap   total 397312K, used 365735K [0x0000000700000000, 0x0000000800000000)
  region size 2048K, 95 young (194560K), 7 survivors (14336K)
 Metaspace       used 116814K, committed 117760K, reserved 1179648K
  class space    used 15958K, committed 16384K, reserved 1048576K
}
Event: 4618.746 GC heap after
{Heap after GC invocations=62 (full 0):
 garbage-first heap   total 397312K, used 116527K [0x0000000700000000, 0x0000000800000000)
  region size 2048K, 7 young (14336K), 7 survivors (14336K)
 Metaspace       used 116814K, committed 117760K, reserved 1179648K
  class space    used 15958K, committed 16384K, reserved 1048576K
}
Event: 4631.641 GC heap before
{Heap before GC invocations=62 (full 0):
 garbage-first heap   total 397312K, used 325423K [0x0000000700000000, 0x0000000800000000)
  region size 2048K, 110 young (225280K), 7 survivors (14336K)
 Metaspace       used 120207K, committed 121216K, reserved 1179648K
  class space    used 16282K, committed 16704K, reserved 1048576K
}
Event: 4631.815 GC heap after
{Heap after GC invocations=63 (full 0):
 garbage-first heap   total 397312K, used 120886K [0x0000000700000000, 0x0000000800000000)
  region size 2048K, 9 young (18432K), 9 survivors (18432K)
 Metaspace       used 120207K, committed 121216K, reserved 1179648K
  class space    used 16282K, committed 16704K, reserved 1048576K
}
Event: 4633.088 GC heap before
{Heap before GC invocations=63 (full 0):
 garbage-first heap   total 397312K, used 325686K [0x0000000700000000, 0x0000000800000000)
  region size 2048K, 109 young (223232K), 9 survivors (18432K)
 Metaspace       used 120209K, committed 121216K, reserved 1179648K
  class space    used 16282K, committed 16704K, reserved 1048576K
}
Event: 4633.133 GC heap after
{Heap after GC invocations=64 (full 0):
 garbage-first heap   total 397312K, used 120988K [0x0000000700000000, 0x0000000800000000)
  region size 2048K, 8 young (16384K), 8 survivors (16384K)
 Metaspace       used 120209K, committed 121216K, reserved 1179648K
  class space    used 16282K, committed 16704K, reserved 1048576K
}
Event: 4841.534 GC heap before
{Heap before GC invocations=64 (full 0):
 garbage-first heap   total 397312K, used 331932K [0x0000000700000000, 0x0000000800000000)
  region size 2048K, 111 young (227328K), 8 survivors (16384K)
 Metaspace       used 124090K, committed 125184K, reserved 1179648K
  class space    used 16831K, committed 17280K, reserved 1048576K
}
Event: 4842.531 GC heap after
{Heap after GC invocations=65 (full 0):
 garbage-first heap   total 397312K, used 139264K [0x0000000700000000, 0x0000000800000000)
  region size 2048K, 14 young (28672K), 14 survivors (28672K)
 Metaspace       used 124090K, committed 125184K, reserved 1179648K
  class space    used 16831K, committed 17280K, reserved 1048576K
}
Event: 4842.698 GC heap before
{Heap before GC invocations=65 (full 0):
 garbage-first heap   total 397312K, used 139264K [0x0000000700000000, 0x0000000800000000)
  region size 2048K, 15 young (30720K), 14 survivors (28672K)
 Metaspace       used 124138K, committed 125248K, reserved 1179648K
  class space    used 16840K, committed 17280K, reserved 1048576K
}
Event: 4842.829 GC heap after
{Heap after GC invocations=66 (full 0):
 garbage-first heap   total 397312K, used 144068K [0x0000000700000000, 0x0000000800000000)
  region size 2048K, 2 young (4096K), 2 survivors (4096K)
 Metaspace       used 124138K, committed 125248K, reserved 1179648K
  class space    used 16840K, committed 17280K, reserved 1048576K
}
Event: 4843.529 GC heap before
{Heap before GC invocations=66 (full 0):
 garbage-first heap   total 397312K, used 156356K [0x0000000700000000, 0x0000000800000000)
  region size 2048K, 9 young (18432K), 2 survivors (4096K)
 Metaspace       used 124156K, committed 125312K, reserved 1179648K
  class space    used 16843K, committed 17344K, reserved 1048576K
}

